[2022-02-08 11:23:17,706][DEBUG][ENGINE][CheckCpuInstructionSet][milvus_server] Supported CPU instruction sets: avx512, avx2, sse4_2
[2022-02-08 11:23:17,709][DEBUG][ENGINE][Initialize][milvus_server] FAISS hook AVX512
[2022-02-08 11:23:17,720][DEBUG][ENGINE][Build][milvus_server] MetaUri: mysql://wsadmin:xast890567??@10.100.0.18:3306/db_phantoscope_milvus

[2022-02-08 11:23:17,720][DEBUG][ENGINE][Initialize][milvus_server] MySQL connection pool: maximum pool size = 8
[2022-02-08 11:23:37,782][DEBUG][ENGINE][CleanUpShadowFiles][milvus_server] CleanUp: SELECT table_name FROM information_schema.tables WHERE table_schema = 'db_phantoscope_milvus' AND table_name = 'TableFiles';
[2022-02-08 11:23:37,785][DEBUG][ENGINE][CleanUpShadowFiles][milvus_server] Remove collection file type as NEW
[2022-02-08 11:23:37,785][DEBUG][ENGINE][CleanUpShadowFiles][milvus_server] CleanUp: DELETE FROM TableFiles WHERE file_type IN (0,5,6);
[2022-02-08 11:23:37,786][DEBUG][ENGINE][CleanUpShadowFiles][milvus_server] Clean 1 files
[2022-02-08 11:23:37,786][DEBUG][ENGINE][Initialize][milvus_server] Initialize: CREATE TABLE IF NOT EXISTS Tables (id BIGINT PRIMARY KEY AUTO_INCREMENT,table_id VARCHAR(255) UNIQUE NOT NULL,state INT NOT NULL,dimension SMALLINT NOT NULL,created_on BIGINT NOT NULL,flag BIGINT DEFAULT 0 NOT NULL,index_file_size BIGINT DEFAULT 1024 NOT NULL,engine_type INT DEFAULT 1 NOT NULL,index_params VARCHAR(512) NOT NULL,metric_type INT DEFAULT 1 NOT NULL,owner_table VARCHAR(255) NOT NULL,partition_tag VARCHAR(255) NOT NULL,version VARCHAR(64) DEFAULT '1.1.0',flush_lsn BIGINT DEFAULT 0 NOT NULL);
[2022-02-08 11:23:37,789][DEBUG][ENGINE][Initialize][milvus_server] Initialize: CREATE TABLE IF NOT EXISTS TableFiles (id BIGINT PRIMARY KEY AUTO_INCREMENT,table_id VARCHAR(255) NOT NULL,segment_id VARCHAR(255) NOT NULL,engine_type INT DEFAULT 1 NOT NULL,file_id VARCHAR(255) NOT NULL,file_type INT DEFAULT 0 NOT NULL,file_size BIGINT DEFAULT 0 NOT NULL,row_count BIGINT DEFAULT 0 NOT NULL,updated_time BIGINT NOT NULL,created_on BIGINT NOT NULL,date INT DEFAULT -1 NOT NULL,flush_lsn BIGINT DEFAULT 0 NOT NULL);
[2022-02-08 11:23:37,791][DEBUG][ENGINE][Initialize][milvus_server] Initialize: CREATE TABLE IF NOT EXISTS Environment (global_lsn BIGINT NOT NULL);
[2022-02-08 11:23:37,792][DEBUG][ENGINE][Initialize][milvus_server] Initialize: CREATE TABLE IF NOT EXISTS Fields (collection_id VARCHAR(255) NOT NULL,field_name VARCHAR(255) NOT NULL,field_type INT DEFAULT 0 NOT NULL,field_params VARCHAR(255) NOT NULL);
[2022-02-08 11:23:37,793][DEBUG][ENGINE][AllCollections][milvus_server] AllCollections: SELECT id, table_id, dimension, engine_type, index_params, index_file_size, metric_type ,owner_table, partition_tag, version, flush_lsn FROM Tables WHERE state <> 1;
[2022-02-08 11:23:37,795][DEBUG][ENGINE][DescribeCollection][milvus_server] DescribeCollection: SELECT id, state, dimension, created_on, flag, index_file_size, engine_type, index_params , metric_type ,owner_table, partition_tag, version, flush_lsn FROM Tables WHERE table_id = '1643339349181024000' AND state <> 1;
[2022-02-08 11:23:37,796][DEBUG][ENGINE][GetGlobalLastLSN][milvus_server] GetGlobalLastLSN: SELECT global_lsn FROM Environment;
[2022-02-08 11:23:37,797][DEBUG][ENGINE][FilesToMerge][milvus_server] FilesToMerge: SELECT id, table_id, segment_id, file_id, file_type, file_size, row_count, date, engine_type, created_on, updated_time FROM TableFiles WHERE table_id = '1643339349181024000' AND file_type = 1 ORDER BY row_count DESC;
[2022-02-08 11:23:37,797][DEBUG][ENGINE][AllCollections][milvus_server] AllCollections: SELECT id, table_id, dimension, engine_type, index_params, index_file_size, metric_type ,owner_table, partition_tag, version, flush_lsn FROM Tables WHERE state <> 1;
[2022-02-08 11:23:37,798][DEBUG][ENGINE][DescribeCollection][milvus_server] DescribeCollection: SELECT id, state, dimension, created_on, flag, index_file_size, engine_type, index_params , metric_type ,owner_table, partition_tag, version, flush_lsn FROM Tables WHERE table_id = 'shopee_my_search_shopee_my_vgg_encoder_shopee_my_vgg_instance' AND state <> 1;
[2022-02-08 11:23:37,799][DEBUG][ENGINE][ShowPartitions][milvus_server] ShowPartitions: SELECT table_id, id, state, dimension, created_on, flag, index_file_size, engine_type, index_params, metric_type, partition_tag, version, flush_lsn FROM Tables WHERE owner_table = 'shopee_my_search_shopee_my_vgg_encoder_shopee_my_vgg_instance' AND state <> 1;
[2022-02-08 11:23:37,799][DEBUG][ENGINE][FilesToMerge][milvus_server] FilesToMerge: SELECT id, table_id, segment_id, file_id, file_type, file_size, row_count, date, engine_type, created_on, updated_time FROM TableFiles WHERE table_id = 'shopee_my_search_shopee_my_vgg_encoder_shopee_my_vgg_instance' AND file_type = 1 ORDER BY row_count DESC;
[2022-02-08 11:23:37,799][DEBUG][ENGINE][ShowPartitions][milvus_server] ShowPartitions: SELECT table_id, id, state, dimension, created_on, flag, index_file_size, engine_type, index_params, metric_type, partition_tag, version, flush_lsn FROM Tables WHERE owner_table = 'shopee_ph_search_shopee_ph_vgg_encoder_shopee_ph_vgg_instance' AND state <> 1;
[2022-02-08 11:23:37,800][DEBUG][ENGINE][DescribeCollection][milvus_server] DescribeCollection: SELECT id, state, dimension, created_on, flag, index_file_size, engine_type, index_params , metric_type ,owner_table, partition_tag, version, flush_lsn FROM Tables WHERE table_id = 'shopee_ph_search_shopee_ph_vgg_encoder_shopee_ph_vgg_instance' AND state <> 1;
[2022-02-08 11:23:37,800][DEBUG][ENGINE][ShowPartitions][milvus_server] ShowPartitions: SELECT table_id, id, state, dimension, created_on, flag, index_file_size, engine_type, index_params, metric_type, partition_tag, version, flush_lsn FROM Tables WHERE owner_table = 'test01' AND state <> 1;
[2022-02-08 11:23:37,800][DEBUG][ENGINE][FilesToMerge][milvus_server] FilesToMerge: SELECT id, table_id, segment_id, file_id, file_type, file_size, row_count, date, engine_type, created_on, updated_time FROM TableFiles WHERE table_id = 'shopee_ph_search_shopee_ph_vgg_encoder_shopee_ph_vgg_instance' AND file_type = 1 ORDER BY row_count DESC;
[2022-02-08 11:23:37,801][DEBUG][ENGINE][ShowPartitions][milvus_server] ShowPartitions: SELECT table_id, id, state, dimension, created_on, flag, index_file_size, engine_type, index_params, metric_type, partition_tag, version, flush_lsn FROM Tables WHERE owner_table = '1643339349181024000' AND state <> 1;
[2022-02-08 11:23:37,801][DEBUG][ENGINE][DescribeCollection][milvus_server] DescribeCollection: SELECT id, state, dimension, created_on, flag, index_file_size, engine_type, index_params , metric_type ,owner_table, partition_tag, version, flush_lsn FROM Tables WHERE table_id = 'test01' AND state <> 1;
[2022-02-08 11:23:37,801][DEBUG][WAL][Init][milvus_server] start_lsn 12884943227 end_lsn 12884943227
[2022-02-08 11:23:37,802][DEBUG][ENGINE][FilesToMerge][milvus_server] FilesToMerge: SELECT id, table_id, segment_id, file_id, file_type, file_size, row_count, date, engine_type, created_on, updated_time FROM TableFiles WHERE table_id = 'test01' AND file_type = 1 ORDER BY row_count DESC;
[2022-02-08 11:24:12,431][DEBUG][ENGINE][BackgroundWalThread][wal_thread] WAL background thread exit
[2022-02-08 11:24:12,432][DEBUG][ENGINE][BackgroundIndexThread][index_thread] DB background thread exit
[2022-02-08 11:24:12,432][DEBUG][ENGINE][CleanUpShadowFiles][milvus_server] CleanUp: SELECT table_name FROM information_schema.tables WHERE table_schema = 'db_phantoscope_milvus' AND table_name = 'TableFiles';
[2022-02-08 11:24:12,433][DEBUG][ENGINE][CleanUpShadowFiles][milvus_server] Remove collection file type as NEW
[2022-02-08 11:24:12,433][DEBUG][ENGINE][CleanUpShadowFiles][milvus_server] CleanUp: DELETE FROM TableFiles WHERE file_type IN (0,5,6);
[2022-02-08 11:24:12,433][DEBUG][ENGINE][CleanUpShadowFiles][milvus_server] Clean 1 files
